\BOOKMARK [0][-]{chapter.1}{Project Idea}{}% 1
\BOOKMARK [1][-]{section.1.1}{Baseline}{chapter.1}% 2
\BOOKMARK [1][-]{section.1.2}{Idea}{chapter.1}% 3
\BOOKMARK [1][-]{section.1.3}{Client Benefits}{chapter.1}% 4
\BOOKMARK [1][-]{section.1.4}{Competition Analysis}{chapter.1}% 5
\BOOKMARK [1][-]{section.1.5}{Main Use Case}{chapter.1}% 6
\BOOKMARK [1][-]{section.1.6}{Resources}{chapter.1}% 7
\BOOKMARK [1][-]{section.1.7}{Risks}{chapter.1}% 8
\BOOKMARK [1][-]{section.1.8}{Profitability}{chapter.1}% 9
\BOOKMARK [0][-]{chapter.2}{Analysis}{}% 10
\BOOKMARK [1][-]{section.2.1}{Use Case Model}{chapter.2}% 11
\BOOKMARK [2][-]{subsection.2.1.1}{Overview}{section.2.1}% 12
\BOOKMARK [2][-]{subsection.2.1.2}{Main Use Cases}{section.2.1}% 13
\BOOKMARK [3][-]{subsubsection.2.1.2.1}{Use Case UC7: Play one Game Session}{subsection.2.1.2}% 14
\BOOKMARK [3][-]{subsubsection.2.1.2.2}{Use Case UC13: Load Track}{subsection.2.1.2}% 15
\BOOKMARK [2][-]{subsection.2.1.3}{Secondary Use Cases}{section.2.1}% 16
\BOOKMARK [3][-]{subsubsection.2.1.3.1}{Use Case UC1: View High Score}{subsection.2.1.3}% 17
\BOOKMARK [3][-]{subsubsection.2.1.3.2}{Use Case UC4: Set Game Options}{subsection.2.1.3}% 18
\BOOKMARK [3][-]{subsubsection.2.1.3.3}{Use Case UC10: Load Game Session}{subsection.2.1.3}% 19
\BOOKMARK [3][-]{subsubsection.2.1.3.4}{Use Case UC11: Save Game Session}{subsection.2.1.3}% 20
\BOOKMARK [2][-]{subsection.2.1.4}{Minor Use Cases}{section.2.1}% 21
\BOOKMARK [3][-]{subsubsection.2.1.4.1}{Use Case UC2: View Rules}{subsection.2.1.4}% 22
\BOOKMARK [3][-]{subsubsection.2.1.4.2}{Use Case UC3: View Credits}{subsection.2.1.4}% 23
\BOOKMARK [3][-]{subsubsection.2.1.4.3}{Use Case UC6: Reset Game Session}{subsection.2.1.4}% 24
\BOOKMARK [1][-]{section.2.2}{Additional Requirements}{chapter.2}% 25
\BOOKMARK [2][-]{subsection.2.2.1}{Functionality}{section.2.2}% 26
\BOOKMARK [3][-]{subsubsection.2.2.1.1}{General}{subsection.2.2.1}% 27
\BOOKMARK [3][-]{subsubsection.2.2.1.2}{Game Rules}{subsection.2.2.1}% 28
\BOOKMARK [3][-]{subsubsection.2.2.1.3}{Special Requirements}{subsection.2.2.1}% 29
\BOOKMARK [2][-]{subsection.2.2.2}{Usability}{section.2.2}% 30
\BOOKMARK [2][-]{subsection.2.2.3}{Reliability}{section.2.2}% 31
\BOOKMARK [2][-]{subsection.2.2.4}{Performance}{section.2.2}% 32
\BOOKMARK [2][-]{subsection.2.2.5}{Supportability}{section.2.2}% 33
\BOOKMARK [2][-]{subsection.2.2.6}{Scalability}{section.2.2}% 34
\BOOKMARK [1][-]{section.2.3}{Domain Model}{chapter.2}% 35
\BOOKMARK [0][-]{chapter.3}{Design}{}% 36
\BOOKMARK [1][-]{section.3.1}{Software Architecture}{chapter.3}% 37
\BOOKMARK [2][-]{subsection.3.1.1}{Distribution Model}{section.3.1}% 38
\BOOKMARK [1][-]{section.3.2}{Design Artifacts}{chapter.3}% 39
\BOOKMARK [2][-]{subsection.3.2.1}{Design Class Diagram \(DCD\)}{section.3.2}% 40
\BOOKMARK [2][-]{subsection.3.2.2}{Selected Interaction Diagrams}{section.3.2}% 41
\BOOKMARK [3][-]{subsubsection.3.2.2.1}{Starting a new game from the main menu}{subsection.3.2.2}% 42
\BOOKMARK [3][-]{subsubsection.3.2.2.2}{Executing a turn in the game}{subsection.3.2.2}% 43
\BOOKMARK [3][-]{subsubsection.3.2.2.3}{Last player crosses the finish line}{subsection.3.2.2}% 44
\BOOKMARK [0][-]{chapter.4}{Implementation}{}% 45
\BOOKMARK [1][-]{section.4.1}{Code Implementation}{chapter.4}% 46
\BOOKMARK [2][-]{subsection.4.1.1}{Packages}{section.4.1}% 47
\BOOKMARK [3][-]{subsubsection.4.1.1.1}{com.pathfinder.racetrack.model}{subsection.4.1.1}% 48
\BOOKMARK [3][-]{subsubsection.4.1.1.2}{com.pathfinder.racetrack.view}{subsection.4.1.1}% 49
\BOOKMARK [1][-]{section.4.2}{Code Quality}{chapter.4}% 50
\BOOKMARK [1][-]{section.4.3}{Code Documentation}{chapter.4}% 51
\BOOKMARK [1][-]{section.4.4}{Test Concept}{chapter.4}% 52
\BOOKMARK [1][-]{section.4.5}{Installation Guide}{chapter.4}% 53
\BOOKMARK [2][-]{subsection.4.5.1}{macOS}{section.4.5}% 54
\BOOKMARK [2][-]{subsection.4.5.2}{Windows}{section.4.5}% 55
\BOOKMARK [1][-]{section.4.6}{Source Code}{chapter.4}% 56
\BOOKMARK [0][-]{chapter.5}{Results}{}% 57
\BOOKMARK [1][-]{section.5.1}{Achieved Goals}{chapter.5}% 58
\BOOKMARK [1][-]{section.5.2}{Open Issues}{chapter.5}% 59
\BOOKMARK [1][-]{section.5.3}{Future Developments}{chapter.5}% 60
\BOOKMARK [0][-]{chapter.6}{Appendix}{}% 61
\BOOKMARK [1][-]{section.6.1}{Project Management}{chapter.6}% 62
\BOOKMARK [2][-]{subsection.6.1.1}{Construction Phase: 20.04.2020 - 24.05.2020}{section.6.1}% 63
\BOOKMARK [3][-]{subsubsection.6.1.1.1}{Milestone M3: 22.05.2020}{subsection.6.1.1}% 64
\BOOKMARK [3][-]{subsubsection.6.1.1.2}{Iteration 6: 04.05.2020 - 24.05.2020}{subsection.6.1.1}% 65
\BOOKMARK [3][-]{subsubsection.6.1.1.3}{Iteration 5: 20.04.2020 - 03.05.2020}{subsection.6.1.1}% 66
\BOOKMARK [2][-]{subsection.6.1.2}{Elaboration Phase: 09.03.2020 - 19.04.2020}{section.6.1}% 67
\BOOKMARK [3][-]{subsubsection.6.1.2.1}{Milestone M2: 17.04.2020}{subsection.6.1.2}% 68
\BOOKMARK [3][-]{subsubsection.6.1.2.2}{Iteration 4: 06.04.2020 - 19.04.2020}{subsection.6.1.2}% 69
\BOOKMARK [3][-]{subsubsection.6.1.2.3}{Iteration 3: 23.03.2020 - 05.04.2020}{subsection.6.1.2}% 70
\BOOKMARK [3][-]{subsubsection.6.1.2.4}{Iteration 2: 09.03.2020 - 22.03.2020}{subsection.6.1.2}% 71
\BOOKMARK [2][-]{subsection.6.1.3}{Inception Phase: 24.02.2020 - 08.03.2020}{section.6.1}% 72
\BOOKMARK [3][-]{subsubsection.6.1.3.1}{Milestone M1: 06.03.2020}{subsection.6.1.3}% 73
\BOOKMARK [3][-]{subsubsection.6.1.3.2}{Iteration 1: 24.02.2020 - 08.03.2020}{subsection.6.1.3}% 74
\BOOKMARK [1][-]{section.6.2}{References}{chapter.6}% 75
